
> chainlink@0.2.0 dev:client
> next dev

  ▲ Next.js 14.2.35
  - Local:        http://localhost:3000

 ✓ Starting...
Attention: Next.js now collects completely anonymous telemetry regarding usage.
This information is used to shape Next.js' roadmap and prioritize features.
You can learn more, including how to opt-out if you'd not like to participate in this anonymous program, by visiting the following URL:
https://nextjs.org/telemetry

 ✓ (serwist) Bundling the service worker script with the URL '/sw.js' and the scope '/'...
 ✓ Ready in 2.5s
 ○ Compiling /middleware ...
 ✓ Compiled /middleware in 2.7s (382 modules)
 ⨯ Error: @clerk/nextjs: Missing publishableKey. You can get your key at https://dashboard.clerk.com/last-active?path=api-keys.
    at Object.throwMissingPublishableKeyError (webpack-internal:///(middleware)/./node_modules/@clerk/shared/dist/chunk-T4WHYQYX.mjs:179:13)
    at eval (webpack-internal:///(middleware)/./node_modules/@clerk/nextjs/dist/esm/server/clerkMiddleware.js:46:71)
    at assertKey (webpack-internal:///(middleware)/./node_modules/@clerk/nextjs/dist/esm/server/utils.js:165:5)
    at eval (webpack-internal:///(middleware)/./node_modules/@clerk/nextjs/dist/esm/server/clerkMiddleware.js:44:79)
    at Object.eval (webpack-internal:///(middleware)/./node_modules/@clerk/nextjs/dist/esm/utils/debugLogger.js:44:19)
    at handlerResult.mechanism.type (webpack-internal:///(middleware)/./node_modules/@sentry/nextjs/esm/common/utils/edgeWrapperUtils.js:56:29)
    at handleCallbackErrors (webpack-internal:///(middleware)/./node_modules/@sentry/core/esm/utils/handleCallbackErrors.js:29:26)
    at eval (webpack-internal:///(middleware)/./node_modules/@sentry/nextjs/esm/common/utils/edgeWrapperUtils.js:55:107)
    at status.status (webpack-internal:///(middleware)/./node_modules/@sentry/core/esm/tracing/trace.js:119:15)
    at handleCallbackErrors (webpack-internal:///(middleware)/./node_modules/@sentry/core/esm/utils/handleCallbackErrors.js:29:26)
 ○ Compiling /_error ...
 ✓ Compiled /_error in 3.8s (502 modules)
 GET /admin/users 404 in 11ms
 ⨯ Error: @clerk/nextjs: Missing publishableKey. You can get your key at https://dashboard.clerk.com/last-active?path=api-keys.
    at Object.throwMissingPublishableKeyError (webpack-internal:///(middleware)/./node_modules/@clerk/shared/dist/chunk-T4WHYQYX.mjs:179:13)
    at eval (webpack-internal:///(middleware)/./node_modules/@clerk/nextjs/dist/esm/server/clerkMiddleware.js:46:71)
    at assertKey (webpack-internal:///(middleware)/./node_modules/@clerk/nextjs/dist/esm/server/utils.js:165:5)
    at eval (webpack-internal:///(middleware)/./node_modules/@clerk/nextjs/dist/esm/server/clerkMiddleware.js:44:79)
    at Object.eval (webpack-internal:///(middleware)/./node_modules/@clerk/nextjs/dist/esm/utils/debugLogger.js:44:19)
    at handlerResult.mechanism.type (webpack-internal:///(middleware)/./node_modules/@sentry/nextjs/esm/common/utils/edgeWrapperUtils.js:56:29)
    at handleCallbackErrors (webpack-internal:///(middleware)/./node_modules/@sentry/core/esm/utils/handleCallbackErrors.js:29:26)
    at eval (webpack-internal:///(middleware)/./node_modules/@sentry/nextjs/esm/common/utils/edgeWrapperUtils.js:55:107)
    at status.status (webpack-internal:///(middleware)/./node_modules/@sentry/core/esm/tracing/trace.js:119:15)
    at handleCallbackErrors (webpack-internal:///(middleware)/./node_modules/@sentry/core/esm/utils/handleCallbackErrors.js:29:26)
 ⨯ Error: @clerk/nextjs: Missing publishableKey. You can get your key at https://dashboard.clerk.com/last-active?path=api-keys.
    at Object.throwMissingPublishableKeyError (webpack-internal:///(middleware)/./node_modules/@clerk/shared/dist/chunk-T4WHYQYX.mjs:179:13)
    at eval (webpack-internal:///(middleware)/./node_modules/@clerk/nextjs/dist/esm/server/clerkMiddleware.js:46:71)
    at assertKey (webpack-internal:///(middleware)/./node_modules/@clerk/nextjs/dist/esm/server/utils.js:165:5)
    at eval (webpack-internal:///(middleware)/./node_modules/@clerk/nextjs/dist/esm/server/clerkMiddleware.js:44:79)
    at Object.eval (webpack-internal:///(middleware)/./node_modules/@clerk/nextjs/dist/esm/utils/debugLogger.js:44:19)
    at handlerResult.mechanism.type (webpack-internal:///(middleware)/./node_modules/@sentry/nextjs/esm/common/utils/edgeWrapperUtils.js:56:29)
    at handleCallbackErrors (webpack-internal:///(middleware)/./node_modules/@sentry/core/esm/utils/handleCallbackErrors.js:29:26)
    at eval (webpack-internal:///(middleware)/./node_modules/@sentry/nextjs/esm/common/utils/edgeWrapperUtils.js:55:107)
    at status.status (webpack-internal:///(middleware)/./node_modules/@sentry/core/esm/tracing/trace.js:119:15)
    at handleCallbackErrors (webpack-internal:///(middleware)/./node_modules/@sentry/core/esm/utils/handleCallbackErrors.js:29:26)
 ⨯ Error: @clerk/nextjs: Missing publishableKey. You can get your key at https://dashboard.clerk.com/last-active?path=api-keys.
    at Object.throwMissingPublishableKeyError (webpack-internal:///(middleware)/./node_modules/@clerk/shared/dist/chunk-T4WHYQYX.mjs:179:13)
    at eval (webpack-internal:///(middleware)/./node_modules/@clerk/nextjs/dist/esm/server/clerkMiddleware.js:46:71)
    at assertKey (webpack-internal:///(middleware)/./node_modules/@clerk/nextjs/dist/esm/server/utils.js:165:5)
    at eval (webpack-internal:///(middleware)/./node_modules/@clerk/nextjs/dist/esm/server/clerkMiddleware.js:44:79)
    at Object.eval (webpack-internal:///(middleware)/./node_modules/@clerk/nextjs/dist/esm/utils/debugLogger.js:44:19)
    at handlerResult.mechanism.type (webpack-internal:///(middleware)/./node_modules/@sentry/nextjs/esm/common/utils/edgeWrapperUtils.js:56:29)
    at handleCallbackErrors (webpack-internal:///(middleware)/./node_modules/@sentry/core/esm/utils/handleCallbackErrors.js:29:26)
    at eval (webpack-internal:///(middleware)/./node_modules/@sentry/nextjs/esm/common/utils/edgeWrapperUtils.js:55:107)
    at status.status (webpack-internal:///(middleware)/./node_modules/@sentry/core/esm/tracing/trace.js:119:15)
    at handleCallbackErrors (webpack-internal:///(middleware)/./node_modules/@sentry/core/esm/utils/handleCallbackErrors.js:29:26)
 ⨯ Error: @clerk/nextjs: Missing publishableKey. You can get your key at https://dashboard.clerk.com/last-active?path=api-keys.
    at Object.throwMissingPublishableKeyError (webpack-internal:///(middleware)/./node_modules/@clerk/shared/dist/chunk-T4WHYQYX.mjs:179:13)
    at eval (webpack-internal:///(middleware)/./node_modules/@clerk/nextjs/dist/esm/server/clerkMiddleware.js:46:71)
    at assertKey (webpack-internal:///(middleware)/./node_modules/@clerk/nextjs/dist/esm/server/utils.js:165:5)
    at eval (webpack-internal:///(middleware)/./node_modules/@clerk/nextjs/dist/esm/server/clerkMiddleware.js:44:79)
    at Object.eval (webpack-internal:///(middleware)/./node_modules/@clerk/nextjs/dist/esm/utils/debugLogger.js:44:19)
    at handlerResult.mechanism.type (webpack-internal:///(middleware)/./node_modules/@sentry/nextjs/esm/common/utils/edgeWrapperUtils.js:56:29)
    at handleCallbackErrors (webpack-internal:///(middleware)/./node_modules/@sentry/core/esm/utils/handleCallbackErrors.js:29:26)
    at eval (webpack-internal:///(middleware)/./node_modules/@sentry/nextjs/esm/common/utils/edgeWrapperUtils.js:55:107)
    at status.status (webpack-internal:///(middleware)/./node_modules/@sentry/core/esm/tracing/trace.js:119:15)
    at handleCallbackErrors (webpack-internal:///(middleware)/./node_modules/@sentry/core/esm/utils/handleCallbackErrors.js:29:26)
 ⨯ Error: @clerk/nextjs: Missing publishableKey. You can get your key at https://dashboard.clerk.com/last-active?path=api-keys.
    at Object.throwMissingPublishableKeyError (webpack-internal:///(middleware)/./node_modules/@clerk/shared/dist/chunk-T4WHYQYX.mjs:179:13)
    at eval (webpack-internal:///(middleware)/./node_modules/@clerk/nextjs/dist/esm/server/clerkMiddleware.js:46:71)
    at assertKey (webpack-internal:///(middleware)/./node_modules/@clerk/nextjs/dist/esm/server/utils.js:165:5)
    at eval (webpack-internal:///(middleware)/./node_modules/@clerk/nextjs/dist/esm/server/clerkMiddleware.js:44:79)
    at Object.eval (webpack-internal:///(middleware)/./node_modules/@clerk/nextjs/dist/esm/utils/debugLogger.js:44:19)
    at handlerResult.mechanism.type (webpack-internal:///(middleware)/./node_modules/@sentry/nextjs/esm/common/utils/edgeWrapperUtils.js:56:29)
    at handleCallbackErrors (webpack-internal:///(middleware)/./node_modules/@sentry/core/esm/utils/handleCallbackErrors.js:29:26)
    at eval (webpack-internal:///(middleware)/./node_modules/@sentry/nextjs/esm/common/utils/edgeWrapperUtils.js:55:107)
    at status.status (webpack-internal:///(middleware)/./node_modules/@sentry/core/esm/tracing/trace.js:119:15)
    at handleCallbackErrors (webpack-internal:///(middleware)/./node_modules/@sentry/core/esm/utils/handleCallbackErrors.js:29:26)
 ○ Compiling /_not-found ...
 ⨯ Error: @clerk/nextjs: Missing publishableKey. You can get your key at https://dashboard.clerk.com/last-active?path=api-keys.
    at Object.throwMissingPublishableKeyError (webpack-internal:///(middleware)/./node_modules/@clerk/shared/dist/chunk-T4WHYQYX.mjs:179:13)
    at eval (webpack-internal:///(middleware)/./node_modules/@clerk/nextjs/dist/esm/server/clerkMiddleware.js:46:71)
    at assertKey (webpack-internal:///(middleware)/./node_modules/@clerk/nextjs/dist/esm/server/utils.js:165:5)
    at eval (webpack-internal:///(middleware)/./node_modules/@clerk/nextjs/dist/esm/server/clerkMiddleware.js:44:79)
    at Object.eval (webpack-internal:///(middleware)/./node_modules/@clerk/nextjs/dist/esm/utils/debugLogger.js:44:19)
    at handlerResult.mechanism.type (webpack-internal:///(middleware)/./node_modules/@sentry/nextjs/esm/common/utils/edgeWrapperUtils.js:56:29)
    at handleCallbackErrors (webpack-internal:///(middleware)/./node_modules/@sentry/core/esm/utils/handleCallbackErrors.js:29:26)
    at eval (webpack-internal:///(middleware)/./node_modules/@sentry/nextjs/esm/common/utils/edgeWrapperUtils.js:55:107)
    at status.status (webpack-internal:///(middleware)/./node_modules/@sentry/core/esm/tracing/trace.js:119:15)
    at handleCallbackErrors (webpack-internal:///(middleware)/./node_modules/@sentry/core/esm/utils/handleCallbackErrors.js:29:26)
 ⨯ Error: @clerk/nextjs: Missing publishableKey. You can get your key at https://dashboard.clerk.com/last-active?path=api-keys.
    at Object.throwMissingPublishableKeyError (webpack-internal:///(middleware)/./node_modules/@clerk/shared/dist/chunk-T4WHYQYX.mjs:179:13)
    at eval (webpack-internal:///(middleware)/./node_modules/@clerk/nextjs/dist/esm/server/clerkMiddleware.js:46:71)
    at assertKey (webpack-internal:///(middleware)/./node_modules/@clerk/nextjs/dist/esm/server/utils.js:165:5)
    at eval (webpack-internal:///(middleware)/./node_modules/@clerk/nextjs/dist/esm/server/clerkMiddleware.js:44:79)
    at Object.eval (webpack-internal:///(middleware)/./node_modules/@clerk/nextjs/dist/esm/utils/debugLogger.js:44:19)
    at handlerResult.mechanism.type (webpack-internal:///(middleware)/./node_modules/@sentry/nextjs/esm/common/utils/edgeWrapperUtils.js:56:29)
    at handleCallbackErrors (webpack-internal:///(middleware)/./node_modules/@sentry/core/esm/utils/handleCallbackErrors.js:29:26)
    at eval (webpack-internal:///(middleware)/./node_modules/@sentry/nextjs/esm/common/utils/edgeWrapperUtils.js:55:107)
    at status.status (webpack-internal:///(middleware)/./node_modules/@sentry/core/esm/tracing/trace.js:119:15)
    at handleCallbackErrors (webpack-internal:///(middleware)/./node_modules/@sentry/core/esm/utils/handleCallbackErrors.js:29:26)
Browserslist: browsers data (caniuse-lite) is 7 months old. Please run:
  npx update-browserslist-db@latest
  Why you should do it regularly: https://github.com/browserslist/update-db#readme
 ⨯ Error: @clerk/nextjs: Missing publishableKey. You can get your key at https://dashboard.clerk.com/last-active?path=api-keys.
    at Object.throwMissingPublishableKeyError (webpack-internal:///(middleware)/./node_modules/@clerk/shared/dist/chunk-T4WHYQYX.mjs:179:13)
    at eval (webpack-internal:///(middleware)/./node_modules/@clerk/nextjs/dist/esm/server/clerkMiddleware.js:46:71)
    at assertKey (webpack-internal:///(middleware)/./node_modules/@clerk/nextjs/dist/esm/server/utils.js:165:5)
    at eval (webpack-internal:///(middleware)/./node_modules/@clerk/nextjs/dist/esm/server/clerkMiddleware.js:44:79)
    at Object.eval (webpack-internal:///(middleware)/./node_modules/@clerk/nextjs/dist/esm/utils/debugLogger.js:44:19)
    at handlerResult.mechanism.type (webpack-internal:///(middleware)/./node_modules/@sentry/nextjs/esm/common/utils/edgeWrapperUtils.js:56:29)
    at handleCallbackErrors (webpack-internal:///(middleware)/./node_modules/@sentry/core/esm/utils/handleCallbackErrors.js:29:26)
    at eval (webpack-internal:///(middleware)/./node_modules/@sentry/nextjs/esm/common/utils/edgeWrapperUtils.js:55:107)
    at status.status (webpack-internal:///(middleware)/./node_modules/@sentry/core/esm/tracing/trace.js:119:15)
    at handleCallbackErrors (webpack-internal:///(middleware)/./node_modules/@sentry/core/esm/utils/handleCallbackErrors.js:29:26)
 ⨯ Error: @clerk/nextjs: Missing publishableKey. You can get your key at https://dashboard.clerk.com/last-active?path=api-keys.
    at Object.throwMissingPublishableKeyError (webpack-internal:///(middleware)/./node_modules/@clerk/shared/dist/chunk-T4WHYQYX.mjs:179:13)
    at eval (webpack-internal:///(middleware)/./node_modules/@clerk/nextjs/dist/esm/server/clerkMiddleware.js:46:71)
    at assertKey (webpack-internal:///(middleware)/./node_modules/@clerk/nextjs/dist/esm/server/utils.js:165:5)
    at eval (webpack-internal:///(middleware)/./node_modules/@clerk/nextjs/dist/esm/server/clerkMiddleware.js:44:79)
    at Object.eval (webpack-internal:///(middleware)/./node_modules/@clerk/nextjs/dist/esm/utils/debugLogger.js:44:19)
    at handlerResult.mechanism.type (webpack-internal:///(middleware)/./node_modules/@sentry/nextjs/esm/common/utils/edgeWrapperUtils.js:56:29)
    at handleCallbackErrors (webpack-internal:///(middleware)/./node_modules/@sentry/core/esm/utils/handleCallbackErrors.js:29:26)
    at eval (webpack-internal:///(middleware)/./node_modules/@sentry/nextjs/esm/common/utils/edgeWrapperUtils.js:55:107)
    at status.status (webpack-internal:///(middleware)/./node_modules/@sentry/core/esm/tracing/trace.js:119:15)
    at handleCallbackErrors (webpack-internal:///(middleware)/./node_modules/@sentry/core/esm/utils/handleCallbackErrors.js:29:26)
 ⚠ Fast Refresh had to perform a full reload due to a runtime error.
 ✓ Compiled /_not-found in 21.2s (2135 modules)
 ⨯ Error [ERR_HTTP_HEADERS_SENT]: Cannot append headers after they are sent to the client
    at ServerResponse.appendHeader (node:_http_outgoing:756:11)
digest: "1607475625"
 ⨯ Error: @clerk/nextjs: Missing publishableKey. You can get your key at https://dashboard.clerk.com/last-active?path=api-keys.
    at Object.throwMissingPublishableKeyError (webpack-internal:///(middleware)/./node_modules/@clerk/shared/dist/chunk-T4WHYQYX.mjs:179:13)
    at eval (webpack-internal:///(middleware)/./node_modules/@clerk/nextjs/dist/esm/server/clerkMiddleware.js:46:71)
    at assertKey (webpack-internal:///(middleware)/./node_modules/@clerk/nextjs/dist/esm/server/utils.js:165:5)
    at eval (webpack-internal:///(middleware)/./node_modules/@clerk/nextjs/dist/esm/server/clerkMiddleware.js:44:79)
    at Object.eval (webpack-internal:///(middleware)/./node_modules/@clerk/nextjs/dist/esm/utils/debugLogger.js:44:19)
    at handlerResult.mechanism.type (webpack-internal:///(middleware)/./node_modules/@sentry/nextjs/esm/common/utils/edgeWrapperUtils.js:56:29)
    at handleCallbackErrors (webpack-internal:///(middleware)/./node_modules/@sentry/core/esm/utils/handleCallbackErrors.js:29:26)
    at eval (webpack-internal:///(middleware)/./node_modules/@sentry/nextjs/esm/common/utils/edgeWrapperUtils.js:55:107)
    at status.status (webpack-internal:///(middleware)/./node_modules/@sentry/core/esm/tracing/trace.js:119:15)
    at handleCallbackErrors (webpack-internal:///(middleware)/./node_modules/@sentry/core/esm/utils/handleCallbackErrors.js:29:26)
 ⨯ Error: No address provided to ConvexReactClient.
If trying to deploy to production, make sure to follow all the instructions found at https://docs.convex.dev/production/hosting/
If running locally, make sure to run `convex dev` and ensure the .env.local file is populated.
    at eval (./components/nav/convex-client-provider.tsx:18:16)
    at (ssr)/./components/nav/convex-client-provider.tsx (/app/.next/server/app/_not-found/page.js:315:1)
    at Object.__webpack_require__ [as require] (/app/.next/server/webpack-runtime.js:33:43)
digest: "3836276289"
 ⨯ Error: @clerk/nextjs: Missing publishableKey. You can get your key at https://dashboard.clerk.com/last-active?path=api-keys.
    at Object.throwMissingPublishableKeyError (webpack-internal:///(middleware)/./node_modules/@clerk/shared/dist/chunk-T4WHYQYX.mjs:179:13)
    at eval (webpack-internal:///(middleware)/./node_modules/@clerk/nextjs/dist/esm/server/clerkMiddleware.js:46:71)
    at assertKey (webpack-internal:///(middleware)/./node_modules/@clerk/nextjs/dist/esm/server/utils.js:165:5)
    at eval (webpack-internal:///(middleware)/./node_modules/@clerk/nextjs/dist/esm/server/clerkMiddleware.js:44:79)
    at Object.eval (webpack-internal:///(middleware)/./node_modules/@clerk/nextjs/dist/esm/utils/debugLogger.js:44:19)
    at handlerResult.mechanism.type (webpack-internal:///(middleware)/./node_modules/@sentry/nextjs/esm/common/utils/edgeWrapperUtils.js:56:29)
    at handleCallbackErrors (webpack-internal:///(middleware)/./node_modules/@sentry/core/esm/utils/handleCallbackErrors.js:29:26)
    at eval (webpack-internal:///(middleware)/./node_modules/@sentry/nextjs/esm/common/utils/edgeWrapperUtils.js:55:107)
    at status.status (webpack-internal:///(middleware)/./node_modules/@sentry/core/esm/tracing/trace.js:119:15)
    at handleCallbackErrors (webpack-internal:///(middleware)/./node_modules/@sentry/core/esm/utils/handleCallbackErrors.js:29:26)
 ⨯ Error: @clerk/nextjs: Missing publishableKey. You can get your key at https://dashboard.clerk.com/last-active?path=api-keys.
    at Object.throwMissingPublishableKeyError (webpack-internal:///(middleware)/./node_modules/@clerk/shared/dist/chunk-T4WHYQYX.mjs:179:13)
    at eval (webpack-internal:///(middleware)/./node_modules/@clerk/nextjs/dist/esm/server/clerkMiddleware.js:46:71)
    at assertKey (webpack-internal:///(middleware)/./node_modules/@clerk/nextjs/dist/esm/server/utils.js:165:5)
    at eval (webpack-internal:///(middleware)/./node_modules/@clerk/nextjs/dist/esm/server/clerkMiddleware.js:44:79)
    at Object.eval (webpack-internal:///(middleware)/./node_modules/@clerk/nextjs/dist/esm/utils/debugLogger.js:44:19)
    at handlerResult.mechanism.type (webpack-internal:///(middleware)/./node_modules/@sentry/nextjs/esm/common/utils/edgeWrapperUtils.js:56:29)
    at handleCallbackErrors (webpack-internal:///(middleware)/./node_modules/@sentry/core/esm/utils/handleCallbackErrors.js:29:26)
    at eval (webpack-internal:///(middleware)/./node_modules/@sentry/nextjs/esm/common/utils/edgeWrapperUtils.js:55:107)
    at status.status (webpack-internal:///(middleware)/./node_modules/@sentry/core/esm/tracing/trace.js:119:15)
    at handleCallbackErrors (webpack-internal:///(middleware)/./node_modules/@sentry/core/esm/utils/handleCallbackErrors.js:29:26)
 GET /admin/users 404 in 4ms
 ⨯ Error [ERR_HTTP_HEADERS_SENT]: Cannot append headers after they are sent to the client
    at ServerResponse.appendHeader (node:_http_outgoing:756:11)
digest: "1607475625"
 ⨯ Error: No address provided to ConvexReactClient.
If trying to deploy to production, make sure to follow all the instructions found at https://docs.convex.dev/production/hosting/
If running locally, make sure to run `convex dev` and ensure the .env.local file is populated.
    at eval (./components/nav/convex-client-provider.tsx:18:16)
    at (ssr)/./components/nav/convex-client-provider.tsx (/app/.next/server/app/_not-found/page.js:315:1)
    at Object.__webpack_require__ [as require] (/app/.next/server/webpack-runtime.js:33:43)
digest: "3836276289"
 ⨯ Error: @clerk/nextjs: Missing publishableKey. You can get your key at https://dashboard.clerk.com/last-active?path=api-keys.
    at Object.throwMissingPublishableKeyError (webpack-internal:///(middleware)/./node_modules/@clerk/shared/dist/chunk-T4WHYQYX.mjs:179:13)
    at eval (webpack-internal:///(middleware)/./node_modules/@clerk/nextjs/dist/esm/server/clerkMiddleware.js:46:71)
    at assertKey (webpack-internal:///(middleware)/./node_modules/@clerk/nextjs/dist/esm/server/utils.js:165:5)
    at eval (webpack-internal:///(middleware)/./node_modules/@clerk/nextjs/dist/esm/server/clerkMiddleware.js:44:79)
    at Object.eval (webpack-internal:///(middleware)/./node_modules/@clerk/nextjs/dist/esm/utils/debugLogger.js:44:19)
    at handlerResult.mechanism.type (webpack-internal:///(middleware)/./node_modules/@sentry/nextjs/esm/common/utils/edgeWrapperUtils.js:56:29)
    at handleCallbackErrors (webpack-internal:///(middleware)/./node_modules/@sentry/core/esm/utils/handleCallbackErrors.js:29:26)
    at eval (webpack-internal:///(middleware)/./node_modules/@sentry/nextjs/esm/common/utils/edgeWrapperUtils.js:55:107)
    at status.status (webpack-internal:///(middleware)/./node_modules/@sentry/core/esm/tracing/trace.js:119:15)
    at handleCallbackErrors (webpack-internal:///(middleware)/./node_modules/@sentry/core/esm/utils/handleCallbackErrors.js:29:26)
 ⨯ Error: @clerk/nextjs: Missing publishableKey. You can get your key at https://dashboard.clerk.com/last-active?path=api-keys.
    at Object.throwMissingPublishableKeyError (webpack-internal:///(middleware)/./node_modules/@clerk/shared/dist/chunk-T4WHYQYX.mjs:179:13)
    at eval (webpack-internal:///(middleware)/./node_modules/@clerk/nextjs/dist/esm/server/clerkMiddleware.js:46:71)
    at assertKey (webpack-internal:///(middleware)/./node_modules/@clerk/nextjs/dist/esm/server/utils.js:165:5)
    at eval (webpack-internal:///(middleware)/./node_modules/@clerk/nextjs/dist/esm/server/clerkMiddleware.js:44:79)
    at Object.eval (webpack-internal:///(middleware)/./node_modules/@clerk/nextjs/dist/esm/utils/debugLogger.js:44:19)
    at handlerResult.mechanism.type (webpack-internal:///(middleware)/./node_modules/@sentry/nextjs/esm/common/utils/edgeWrapperUtils.js:56:29)
    at handleCallbackErrors (webpack-internal:///(middleware)/./node_modules/@sentry/core/esm/utils/handleCallbackErrors.js:29:26)
    at eval (webpack-internal:///(middleware)/./node_modules/@sentry/nextjs/esm/common/utils/edgeWrapperUtils.js:55:107)
    at status.status (webpack-internal:///(middleware)/./node_modules/@sentry/core/esm/tracing/trace.js:119:15)
    at handleCallbackErrors (webpack-internal:///(middleware)/./node_modules/@sentry/core/esm/utils/handleCallbackErrors.js:29:26)
 ⨯ Error: @clerk/nextjs: Missing publishableKey. You can get your key at https://dashboard.clerk.com/last-active?path=api-keys.
    at Object.throwMissingPublishableKeyError (webpack-internal:///(middleware)/./node_modules/@clerk/shared/dist/chunk-T4WHYQYX.mjs:179:13)
    at eval (webpack-internal:///(middleware)/./node_modules/@clerk/nextjs/dist/esm/server/clerkMiddleware.js:46:71)
    at assertKey (webpack-internal:///(middleware)/./node_modules/@clerk/nextjs/dist/esm/server/utils.js:165:5)
    at eval (webpack-internal:///(middleware)/./node_modules/@clerk/nextjs/dist/esm/server/clerkMiddleware.js:44:79)
    at Object.eval (webpack-internal:///(middleware)/./node_modules/@clerk/nextjs/dist/esm/utils/debugLogger.js:44:19)
    at handlerResult.mechanism.type (webpack-internal:///(middleware)/./node_modules/@sentry/nextjs/esm/common/utils/edgeWrapperUtils.js:56:29)
    at handleCallbackErrors (webpack-internal:///(middleware)/./node_modules/@sentry/core/esm/utils/handleCallbackErrors.js:29:26)
    at eval (webpack-internal:///(middleware)/./node_modules/@sentry/nextjs/esm/common/utils/edgeWrapperUtils.js:55:107)
    at status.status (webpack-internal:///(middleware)/./node_modules/@sentry/core/esm/tracing/trace.js:119:15)
    at handleCallbackErrors (webpack-internal:///(middleware)/./node_modules/@sentry/core/esm/utils/handleCallbackErrors.js:29:26)
 ⨯ Error: @clerk/nextjs: Missing publishableKey. You can get your key at https://dashboard.clerk.com/last-active?path=api-keys.
    at Object.throwMissingPublishableKeyError (webpack-internal:///(middleware)/./node_modules/@clerk/shared/dist/chunk-T4WHYQYX.mjs:179:13)
    at eval (webpack-internal:///(middleware)/./node_modules/@clerk/nextjs/dist/esm/server/clerkMiddleware.js:46:71)
    at assertKey (webpack-internal:///(middleware)/./node_modules/@clerk/nextjs/dist/esm/server/utils.js:165:5)
    at eval (webpack-internal:///(middleware)/./node_modules/@clerk/nextjs/dist/esm/server/clerkMiddleware.js:44:79)
    at Object.eval (webpack-internal:///(middleware)/./node_modules/@clerk/nextjs/dist/esm/utils/debugLogger.js:44:19)
    at handlerResult.mechanism.type (webpack-internal:///(middleware)/./node_modules/@sentry/nextjs/esm/common/utils/edgeWrapperUtils.js:56:29)
    at handleCallbackErrors (webpack-internal:///(middleware)/./node_modules/@sentry/core/esm/utils/handleCallbackErrors.js:29:26)
    at eval (webpack-internal:///(middleware)/./node_modules/@sentry/nextjs/esm/common/utils/edgeWrapperUtils.js:55:107)
    at status.status (webpack-internal:///(middleware)/./node_modules/@sentry/core/esm/tracing/trace.js:119:15)
    at handleCallbackErrors (webpack-internal:///(middleware)/./node_modules/@sentry/core/esm/utils/handleCallbackErrors.js:29:26)
 ⨯ Error: @clerk/nextjs: Missing publishableKey. You can get your key at https://dashboard.clerk.com/last-active?path=api-keys.
    at Object.throwMissingPublishableKeyError (webpack-internal:///(middleware)/./node_modules/@clerk/shared/dist/chunk-T4WHYQYX.mjs:179:13)
    at eval (webpack-internal:///(middleware)/./node_modules/@clerk/nextjs/dist/esm/server/clerkMiddleware.js:46:71)
    at assertKey (webpack-internal:///(middleware)/./node_modules/@clerk/nextjs/dist/esm/server/utils.js:165:5)
    at eval (webpack-internal:///(middleware)/./node_modules/@clerk/nextjs/dist/esm/server/clerkMiddleware.js:44:79)
    at Object.eval (webpack-internal:///(middleware)/./node_modules/@clerk/nextjs/dist/esm/utils/debugLogger.js:44:19)
    at handlerResult.mechanism.type (webpack-internal:///(middleware)/./node_modules/@sentry/nextjs/esm/common/utils/edgeWrapperUtils.js:56:29)
    at handleCallbackErrors (webpack-internal:///(middleware)/./node_modules/@sentry/core/esm/utils/handleCallbackErrors.js:29:26)
    at eval (webpack-internal:///(middleware)/./node_modules/@sentry/nextjs/esm/common/utils/edgeWrapperUtils.js:55:107)
    at status.status (webpack-internal:///(middleware)/./node_modules/@sentry/core/esm/tracing/trace.js:119:15)
    at handleCallbackErrors (webpack-internal:///(middleware)/./node_modules/@sentry/core/esm/utils/handleCallbackErrors.js:29:26)
 ⨯ Error: @clerk/nextjs: Missing publishableKey. You can get your key at https://dashboard.clerk.com/last-active?path=api-keys.
    at Object.throwMissingPublishableKeyError (webpack-internal:///(middleware)/./node_modules/@clerk/shared/dist/chunk-T4WHYQYX.mjs:179:13)
    at eval (webpack-internal:///(middleware)/./node_modules/@clerk/nextjs/dist/esm/server/clerkMiddleware.js:46:71)
    at assertKey (webpack-internal:///(middleware)/./node_modules/@clerk/nextjs/dist/esm/server/utils.js:165:5)
    at eval (webpack-internal:///(middleware)/./node_modules/@clerk/nextjs/dist/esm/server/clerkMiddleware.js:44:79)
    at Object.eval (webpack-internal:///(middleware)/./node_modules/@clerk/nextjs/dist/esm/utils/debugLogger.js:44:19)
    at handlerResult.mechanism.type (webpack-internal:///(middleware)/./node_modules/@sentry/nextjs/esm/common/utils/edgeWrapperUtils.js:56:29)
    at handleCallbackErrors (webpack-internal:///(middleware)/./node_modules/@sentry/core/esm/utils/handleCallbackErrors.js:29:26)
    at eval (webpack-internal:///(middleware)/./node_modules/@sentry/nextjs/esm/common/utils/edgeWrapperUtils.js:55:107)
    at status.status (webpack-internal:///(middleware)/./node_modules/@sentry/core/esm/tracing/trace.js:119:15)
    at handleCallbackErrors (webpack-internal:///(middleware)/./node_modules/@sentry/core/esm/utils/handleCallbackErrors.js:29:26)
 ⨯ Error: @clerk/nextjs: Missing publishableKey. You can get your key at https://dashboard.clerk.com/last-active?path=api-keys.
    at Object.throwMissingPublishableKeyError (webpack-internal:///(middleware)/./node_modules/@clerk/shared/dist/chunk-T4WHYQYX.mjs:179:13)
    at eval (webpack-internal:///(middleware)/./node_modules/@clerk/nextjs/dist/esm/server/clerkMiddleware.js:46:71)
    at assertKey (webpack-internal:///(middleware)/./node_modules/@clerk/nextjs/dist/esm/server/utils.js:165:5)
    at eval (webpack-internal:///(middleware)/./node_modules/@clerk/nextjs/dist/esm/server/clerkMiddleware.js:44:79)
    at Object.eval (webpack-internal:///(middleware)/./node_modules/@clerk/nextjs/dist/esm/utils/debugLogger.js:44:19)
    at handlerResult.mechanism.type (webpack-internal:///(middleware)/./node_modules/@sentry/nextjs/esm/common/utils/edgeWrapperUtils.js:56:29)
    at handleCallbackErrors (webpack-internal:///(middleware)/./node_modules/@sentry/core/esm/utils/handleCallbackErrors.js:29:26)
    at eval (webpack-internal:///(middleware)/./node_modules/@sentry/nextjs/esm/common/utils/edgeWrapperUtils.js:55:107)
    at status.status (webpack-internal:///(middleware)/./node_modules/@sentry/core/esm/tracing/trace.js:119:15)
    at handleCallbackErrors (webpack-internal:///(middleware)/./node_modules/@sentry/core/esm/utils/handleCallbackErrors.js:29:26)
 ⨯ Error: @clerk/nextjs: Missing publishableKey. You can get your key at https://dashboard.clerk.com/last-active?path=api-keys.
    at Object.throwMissingPublishableKeyError (webpack-internal:///(middleware)/./node_modules/@clerk/shared/dist/chunk-T4WHYQYX.mjs:179:13)
    at eval (webpack-internal:///(middleware)/./node_modules/@clerk/nextjs/dist/esm/server/clerkMiddleware.js:46:71)
    at assertKey (webpack-internal:///(middleware)/./node_modules/@clerk/nextjs/dist/esm/server/utils.js:165:5)
    at eval (webpack-internal:///(middleware)/./node_modules/@clerk/nextjs/dist/esm/server/clerkMiddleware.js:44:79)
    at Object.eval (webpack-internal:///(middleware)/./node_modules/@clerk/nextjs/dist/esm/utils/debugLogger.js:44:19)
    at handlerResult.mechanism.type (webpack-internal:///(middleware)/./node_modules/@sentry/nextjs/esm/common/utils/edgeWrapperUtils.js:56:29)
    at handleCallbackErrors (webpack-internal:///(middleware)/./node_modules/@sentry/core/esm/utils/handleCallbackErrors.js:29:26)
    at eval (webpack-internal:///(middleware)/./node_modules/@sentry/nextjs/esm/common/utils/edgeWrapperUtils.js:55:107)
    at status.status (webpack-internal:///(middleware)/./node_modules/@sentry/core/esm/tracing/trace.js:119:15)
    at handleCallbackErrors (webpack-internal:///(middleware)/./node_modules/@sentry/core/esm/utils/handleCallbackErrors.js:29:26)
 ⨯ Error: @clerk/nextjs: Missing publishableKey. You can get your key at https://dashboard.clerk.com/last-active?path=api-keys.
    at Object.throwMissingPublishableKeyError (webpack-internal:///(middleware)/./node_modules/@clerk/shared/dist/chunk-T4WHYQYX.mjs:179:13)
    at eval (webpack-internal:///(middleware)/./node_modules/@clerk/nextjs/dist/esm/server/clerkMiddleware.js:46:71)
    at assertKey (webpack-internal:///(middleware)/./node_modules/@clerk/nextjs/dist/esm/server/utils.js:165:5)
    at eval (webpack-internal:///(middleware)/./node_modules/@clerk/nextjs/dist/esm/server/clerkMiddleware.js:44:79)
    at Object.eval (webpack-internal:///(middleware)/./node_modules/@clerk/nextjs/dist/esm/utils/debugLogger.js:44:19)
    at handlerResult.mechanism.type (webpack-internal:///(middleware)/./node_modules/@sentry/nextjs/esm/common/utils/edgeWrapperUtils.js:56:29)
    at handleCallbackErrors (webpack-internal:///(middleware)/./node_modules/@sentry/core/esm/utils/handleCallbackErrors.js:29:26)
    at eval (webpack-internal:///(middleware)/./node_modules/@sentry/nextjs/esm/common/utils/edgeWrapperUtils.js:55:107)
    at status.status (webpack-internal:///(middleware)/./node_modules/@sentry/core/esm/tracing/trace.js:119:15)
    at handleCallbackErrors (webpack-internal:///(middleware)/./node_modules/@sentry/core/esm/utils/handleCallbackErrors.js:29:26)
